<?xml version="1.0" encoding="UTF-8"?>
<testng-results ignored="16" total="22" passed="6" failed="0" skipped="0">
  <reporter-output>
  </reporter-output>
  <suite started-at="2024-07-18T15:49:13 CEST" name="Suite" finished-at="2024-07-18T15:52:06 CEST" duration-ms="172306">
    <groups>
      <group name="regressionTest">
        <method signature="CreateCampaignWithProductTest.createCampaignWithProductTest()[pri:0, instance:Campaign.CreateCampaignWithProductTest@576d5deb]" name="createCampaignWithProductTest" class="Campaign.CreateCampaignWithProductTest"/>
      </group> <!-- regressionTest -->
      <group name="smokeTest">
        <method signature="CreateCampaignTest.createCampaignTest()[pri:0, instance:Campaign.CreateCampaignTest@942a29c]" name="createCampaignTest" class="Campaign.CreateCampaignTest"/>
      </group> <!-- smokeTest -->
    </groups>
    <test started-at="2024-07-18T15:49:13 CEST" name="Test" finished-at="2024-07-18T15:52:06 CEST" duration-ms="172306">
      <class name="Product.CreateAndDeleteProductTest">
        <test-method is-config="true" signature="beforeClassMethod()[pri:0, instance:Product.CreateAndDeleteProductTest@70e9c95d]" started-at="2024-07-18T15:51:39 CEST" name="beforeClassMethod" finished-at="2024-07-18T15:51:40 CEST" duration-ms="1477" status="PASS">
          <reporter-output>
          </reporter-output>
        </test-method> <!-- beforeClassMethod -->
        <test-method is-config="true" signature="beforeMethodMethod()[pri:0, instance:Product.CreateAndDeleteProductTest@70e9c95d]" started-at="2024-07-18T15:51:40 CEST" name="beforeMethodMethod" finished-at="2024-07-18T15:51:47 CEST" duration-ms="7149" status="PASS">
          <reporter-output>
          </reporter-output>
        </test-method> <!-- beforeMethodMethod -->
        <test-method signature="CreateAndDeleteProductTest()[pri:0, instance:Product.CreateAndDeleteProductTest@70e9c95d]" started-at="2024-07-18T15:51:47 CEST" name="CreateAndDeleteProductTest" finished-at="2024-07-18T15:52:04 CEST" duration-ms="16698" status="PASS">
          <reporter-output>
          </reporter-output>
        </test-method> <!-- CreateAndDeleteProductTest -->
        <test-method is-config="true" signature="afterMethodMethod()[pri:0, instance:Product.CreateAndDeleteProductTest@70e9c95d]" started-at="2024-07-18T15:52:04 CEST" name="afterMethodMethod" finished-at="2024-07-18T15:52:05 CEST" duration-ms="1388" status="PASS">
          <reporter-output>
          </reporter-output>
        </test-method> <!-- afterMethodMethod -->
        <test-method is-config="true" signature="afterClassMethod()[pri:0, instance:Product.CreateAndDeleteProductTest@70e9c95d]" started-at="2024-07-18T15:52:05 CEST" name="afterClassMethod" finished-at="2024-07-18T15:52:05 CEST" duration-ms="19" status="FAIL">
          <exception class="org.openqa.selenium.UnhandledAlertException">
            <message>
              <![CDATA[unexpected alert open: {Alert text : undefined}
  (Session info: chrome=126.0.6478.182): undefined
Build info: version: '4.21.0', revision: '79ed462ef4'
System info: os.name: 'Windows 11', os.arch: 'amd64', os.version: '10.0', java.version: '17.0.10'
Driver info: org.openqa.selenium.chrome.ChromeDriver
Command: [3454c34e0cdca49cedb1fccd71b9a460, close {}]
Capabilities {acceptInsecureCerts: false, browserName: chrome, browserVersion: 126.0.6478.182, chrome: {chromedriverVersion: 126.0.6478.182 (5b5d8292ddf..., userDataDir: C:\Users\scrap\AppData\Loca...}, fedcm:accounts: true, goog:chromeOptions: {debuggerAddress: localhost:56964}, networkConnectionEnabled: false, pageLoadStrategy: normal, platformName: windows, proxy: Proxy(), se:cdp: ws://localhost:56964/devtoo..., se:cdpVersion: 126.0.6478.182, setWindowRect: true, strictFileInteractability: false, timeouts: {implicit: 0, pageLoad: 300000, script: 30000}, unhandledPromptBehavior: dismiss and notify, webauthn:extension:credBlob: true, webauthn:extension:largeBlob: true, webauthn:extension:minPinLength: true, webauthn:extension:prf: true, webauthn:virtualAuthenticators: true}
Session ID: 3454c34e0cdca49cedb1fccd71b9a460]]>
            </message>
            <full-stacktrace>
              <![CDATA[org.openqa.selenium.UnhandledAlertException: unexpected alert open: {Alert text : undefined}
  (Session info: chrome=126.0.6478.182): undefined
Build info: version: '4.21.0', revision: '79ed462ef4'
System info: os.name: 'Windows 11', os.arch: 'amd64', os.version: '10.0', java.version: '17.0.10'
Driver info: org.openqa.selenium.chrome.ChromeDriver
Command: [3454c34e0cdca49cedb1fccd71b9a460, close {}]
Capabilities {acceptInsecureCerts: false, browserName: chrome, browserVersion: 126.0.6478.182, chrome: {chromedriverVersion: 126.0.6478.182 (5b5d8292ddf..., userDataDir: C:\Users\scrap\AppData\Loca...}, fedcm:accounts: true, goog:chromeOptions: {debuggerAddress: localhost:56964}, networkConnectionEnabled: false, pageLoadStrategy: normal, platformName: windows, proxy: Proxy(), se:cdp: ws://localhost:56964/devtoo..., se:cdpVersion: 126.0.6478.182, setWindowRect: true, strictFileInteractability: false, timeouts: {implicit: 0, pageLoad: 300000, script: 30000}, unhandledPromptBehavior: dismiss and notify, webauthn:extension:credBlob: true, webauthn:extension:largeBlob: true, webauthn:extension:minPinLength: true, webauthn:extension:prf: true, webauthn:virtualAuthenticators: true}
Session ID: 3454c34e0cdca49cedb1fccd71b9a460
at org.openqa.selenium.remote.codec.w3c.W3CHttpResponseCodec.decode(W3CHttpResponseCodec.java:136)
at org.openqa.selenium.remote.codec.w3c.W3CHttpResponseCodec.decode(W3CHttpResponseCodec.java:50)
at org.openqa.selenium.remote.HttpCommandExecutor.execute(HttpCommandExecutor.java:190)
at org.openqa.selenium.remote.service.DriverCommandExecutor.invokeExecute(DriverCommandExecutor.java:216)
at org.openqa.selenium.remote.service.DriverCommandExecutor.execute(DriverCommandExecutor.java:174)
at org.openqa.selenium.remote.RemoteWebDriver.execute(RemoteWebDriver.java:518)
at org.openqa.selenium.remote.RemoteWebDriver.execute(RemoteWebDriver.java:591)
at org.openqa.selenium.remote.RemoteWebDriver.execute(RemoteWebDriver.java:595)
at org.openqa.selenium.remote.RemoteWebDriver.close(RemoteWebDriver.java:405)
at Generic_Utilities.BaseClass.afterClassMethod(BaseClass.java:100)
at java.base/jdk.internal.reflect.NativeMethodAccessorImpl.invoke0(Native Method)
at java.base/jdk.internal.reflect.NativeMethodAccessorImpl.invoke(NativeMethodAccessorImpl.java:77)
at java.base/jdk.internal.reflect.DelegatingMethodAccessorImpl.invoke(DelegatingMethodAccessorImpl.java:43)
at java.base/java.lang.reflect.Method.invoke(Method.java:568)
at org.testng.internal.MethodInvocationHelper.invokeMethod(MethodInvocationHelper.java:133)
at org.testng.internal.MethodInvocationHelper.invokeMethodConsideringTimeout(MethodInvocationHelper.java:62)
at org.testng.internal.ConfigInvoker.invokeConfigurationMethod(ConfigInvoker.java:385)
at org.testng.internal.ConfigInvoker.invokeConfigurations(ConfigInvoker.java:321)
at org.testng.internal.TestMethodWorker.invokeAfterClassMethods(TestMethodWorker.java:217)
at org.testng.internal.TestMethodWorker.run(TestMethodWorker.java:130)
at java.base/java.util.ArrayList.forEach(ArrayList.java:1511)
at org.testng.TestRunner.privateRun(TestRunner.java:794)
at org.testng.TestRunner.run(TestRunner.java:596)
at org.testng.SuiteRunner.runTest(SuiteRunner.java:377)
at org.testng.SuiteRunner.runSequentially(SuiteRunner.java:371)
at org.testng.SuiteRunner.privateRun(SuiteRunner.java:332)
at org.testng.SuiteRunner.run(SuiteRunner.java:276)
at org.testng.SuiteRunnerWorker.runSuite(SuiteRunnerWorker.java:53)
at org.testng.SuiteRunnerWorker.run(SuiteRunnerWorker.java:96)
at org.testng.TestNG.runSuitesSequentially(TestNG.java:1212)
at org.testng.TestNG.runSuitesLocally(TestNG.java:1134)
at org.testng.TestNG.runSuites(TestNG.java:1063)
at org.testng.TestNG.run(TestNG.java:1031)
at org.testng.remote.AbstractRemoteTestNG.run(AbstractRemoteTestNG.java:115)
at org.testng.remote.RemoteTestNG.initAndRun(RemoteTestNG.java:293)
at org.testng.remote.RemoteTestNG.main(RemoteTestNG.java:91)
]]>
            </full-stacktrace>
          </exception> <!-- org.openqa.selenium.UnhandledAlertException -->
          <reporter-output>
          </reporter-output>
        </test-method> <!-- afterClassMethod -->
      </class> <!-- Product.CreateAndDeleteProductTest -->
      <class name="Campaign.CreateCampaignTest">
        <test-method is-config="true" signature="beforeSuiteMethod()[pri:0, instance:Campaign.CreateCampaignTest@942a29c]" started-at="2024-07-18T15:49:13 CEST" name="beforeSuiteMethod" finished-at="2024-07-18T15:49:13 CEST" duration-ms="32" status="PASS">
          <reporter-output>
          </reporter-output>
        </test-method> <!-- beforeSuiteMethod -->
        <test-method is-config="true" signature="beforeTestMethod()[pri:0, instance:Campaign.CreateCampaignTest@942a29c]" started-at="2024-07-18T15:49:14 CEST" name="beforeTestMethod" finished-at="2024-07-18T15:49:14 CEST" duration-ms="1" status="PASS">
          <reporter-output>
          </reporter-output>
        </test-method> <!-- beforeTestMethod -->
        <test-method is-config="true" signature="beforeClassMethod()[pri:0, instance:Campaign.CreateCampaignTest@942a29c]" started-at="2024-07-18T15:49:14 CEST" name="beforeClassMethod" finished-at="2024-07-18T15:49:16 CEST" duration-ms="2753" status="PASS">
          <reporter-output>
          </reporter-output>
        </test-method> <!-- beforeClassMethod -->
        <test-method is-config="true" signature="beforeMethodMethod()[pri:0, instance:Campaign.CreateCampaignTest@942a29c]" started-at="2024-07-18T15:49:16 CEST" name="beforeMethodMethod" finished-at="2024-07-18T15:49:26 CEST" duration-ms="9558" status="PASS">
          <reporter-output>
          </reporter-output>
        </test-method> <!-- beforeMethodMethod -->
        <test-method signature="createCampaignTest()[pri:0, instance:Campaign.CreateCampaignTest@942a29c]" started-at="2024-07-18T15:49:26 CEST" name="createCampaignTest" finished-at="2024-07-18T15:49:59 CEST" duration-ms="33297" status="PASS">
          <reporter-output>
          </reporter-output>
        </test-method> <!-- createCampaignTest -->
        <test-method is-config="true" signature="afterMethodMethod()[pri:0, instance:Campaign.CreateCampaignTest@942a29c]" started-at="2024-07-18T15:49:59 CEST" name="afterMethodMethod" finished-at="2024-07-18T15:50:01 CEST" duration-ms="1752" status="PASS">
          <reporter-output>
          </reporter-output>
        </test-method> <!-- afterMethodMethod -->
        <test-method is-config="true" signature="afterClassMethod()[pri:0, instance:Campaign.CreateCampaignTest@942a29c]" started-at="2024-07-18T15:50:01 CEST" name="afterClassMethod" finished-at="2024-07-18T15:50:01 CEST" duration-ms="210" status="PASS">
          <reporter-output>
          </reporter-output>
        </test-method> <!-- afterClassMethod -->
        <test-method is-config="true" signature="afterTestMethod()[pri:0, instance:Campaign.CreateCampaignTest@942a29c]" started-at="2024-07-18T15:52:06 CEST" name="afterTestMethod" finished-at="2024-07-18T15:52:06 CEST" duration-ms="1" status="PASS">
          <reporter-output>
          </reporter-output>
        </test-method> <!-- afterTestMethod -->
        <test-method is-config="true" signature="afterSuiteMethod()[pri:0, instance:Campaign.CreateCampaignTest@942a29c]" started-at="2024-07-18T15:52:06 CEST" name="afterSuiteMethod" finished-at="2024-07-18T15:52:07 CEST" duration-ms="297" status="PASS">
          <reporter-output>
          </reporter-output>
        </test-method> <!-- afterSuiteMethod -->
      </class> <!-- Campaign.CreateCampaignTest -->
      <class name="Campaign.CreateCampaignWithProductTest">
        <test-method is-config="true" signature="beforeClassMethod()[pri:0, instance:Campaign.CreateCampaignWithProductTest@576d5deb]" started-at="2024-07-18T15:50:01 CEST" name="beforeClassMethod" finished-at="2024-07-18T15:50:03 CEST" duration-ms="1540" status="PASS">
          <reporter-output>
          </reporter-output>
        </test-method> <!-- beforeClassMethod -->
        <test-method is-config="true" signature="beforeMethodMethod()[pri:0, instance:Campaign.CreateCampaignWithProductTest@576d5deb]" started-at="2024-07-18T15:50:03 CEST" name="beforeMethodMethod" finished-at="2024-07-18T15:50:08 CEST" duration-ms="5513" status="PASS">
          <reporter-output>
          </reporter-output>
        </test-method> <!-- beforeMethodMethod -->
        <test-method signature="createCampaignWithProductTest()[pri:0, instance:Campaign.CreateCampaignWithProductTest@576d5deb]" started-at="2024-07-18T15:50:08 CEST" name="createCampaignWithProductTest" finished-at="2024-07-18T15:50:39 CEST" duration-ms="30671" status="PASS">
          <reporter-output>
          </reporter-output>
        </test-method> <!-- createCampaignWithProductTest -->
        <test-method is-config="true" signature="afterMethodMethod()[pri:0, instance:Campaign.CreateCampaignWithProductTest@576d5deb]" started-at="2024-07-18T15:50:39 CEST" name="afterMethodMethod" finished-at="2024-07-18T15:50:41 CEST" duration-ms="1715" status="PASS">
          <reporter-output>
          </reporter-output>
        </test-method> <!-- afterMethodMethod -->
        <test-method is-config="true" signature="afterClassMethod()[pri:0, instance:Campaign.CreateCampaignWithProductTest@576d5deb]" started-at="2024-07-18T15:50:41 CEST" name="afterClassMethod" finished-at="2024-07-18T15:50:41 CEST" duration-ms="260" status="PASS">
          <reporter-output>
          </reporter-output>
        </test-method> <!-- afterClassMethod -->
      </class> <!-- Campaign.CreateCampaignWithProductTest -->
      <class name="Organization.CreateOrganizationTest">
        <test-method is-config="true" signature="beforeClassMethod()[pri:0, instance:Organization.CreateOrganizationTest@5d534f5d]" started-at="2024-07-18T15:50:41 CEST" name="beforeClassMethod" finished-at="2024-07-18T15:50:43 CEST" duration-ms="1578" status="PASS">
          <reporter-output>
          </reporter-output>
        </test-method> <!-- beforeClassMethod -->
        <test-method is-config="true" signature="beforeMethodMethod()[pri:0, instance:Organization.CreateOrganizationTest@5d534f5d]" started-at="2024-07-18T15:50:43 CEST" name="beforeMethodMethod" finished-at="2024-07-18T15:50:49 CEST" duration-ms="6086" status="PASS">
          <reporter-output>
          </reporter-output>
        </test-method> <!-- beforeMethodMethod -->
        <test-method signature="CreateOrganizationTest()[pri:0, instance:Organization.CreateOrganizationTest@5d534f5d]" started-at="2024-07-18T15:50:49 CEST" name="CreateOrganizationTest" finished-at="2024-07-18T15:51:05 CEST" duration-ms="16392" status="PASS">
          <reporter-output>
          </reporter-output>
        </test-method> <!-- CreateOrganizationTest -->
        <test-method is-config="true" signature="afterMethodMethod()[pri:0, instance:Organization.CreateOrganizationTest@5d534f5d]" started-at="2024-07-18T15:51:05 CEST" name="afterMethodMethod" finished-at="2024-07-18T15:51:06 CEST" duration-ms="1135" status="PASS">
          <reporter-output>
          </reporter-output>
        </test-method> <!-- afterMethodMethod -->
        <test-method is-config="true" signature="beforeMethodMethod()[pri:0, instance:Organization.CreateOrganizationTest@5d534f5d]" started-at="2024-07-18T15:51:06 CEST" name="beforeMethodMethod" finished-at="2024-07-18T15:51:09 CEST" duration-ms="2606" status="PASS">
          <reporter-output>
          </reporter-output>
        </test-method> <!-- beforeMethodMethod -->
        <test-method signature="TestRegional()[pri:0, instance:Organization.CreateOrganizationTest@5d534f5d]" started-at="2024-07-18T15:51:09 CEST" name="TestRegional" finished-at="2024-07-18T15:51:09 CEST" duration-ms="2" status="PASS">
          <reporter-output>
          </reporter-output>
        </test-method> <!-- TestRegional -->
        <test-method is-config="true" signature="afterMethodMethod()[pri:0, instance:Organization.CreateOrganizationTest@5d534f5d]" started-at="2024-07-18T15:51:09 CEST" name="afterMethodMethod" finished-at="2024-07-18T15:51:12 CEST" duration-ms="3519" status="PASS">
          <reporter-output>
          </reporter-output>
        </test-method> <!-- afterMethodMethod -->
        <test-method is-config="true" signature="afterClassMethod()[pri:0, instance:Organization.CreateOrganizationTest@5d534f5d]" started-at="2024-07-18T15:51:12 CEST" name="afterClassMethod" finished-at="2024-07-18T15:51:12 CEST" duration-ms="145" status="PASS">
          <reporter-output>
          </reporter-output>
        </test-method> <!-- afterClassMethod -->
      </class> <!-- Organization.CreateOrganizationTest -->
      <class name="Product.CreateProductTest">
        <test-method is-config="true" signature="beforeClassMethod()[pri:0, instance:Product.CreateProductTest@2e3967ea]" started-at="2024-07-18T15:51:12 CEST" name="beforeClassMethod" finished-at="2024-07-18T15:51:14 CEST" duration-ms="1513" status="PASS">
          <reporter-output>
          </reporter-output>
        </test-method> <!-- beforeClassMethod -->
        <test-method is-config="true" signature="beforeMethodMethod()[pri:0, instance:Product.CreateProductTest@2e3967ea]" started-at="2024-07-18T15:51:14 CEST" name="beforeMethodMethod" finished-at="2024-07-18T15:51:20 CEST" duration-ms="5785" status="PASS">
          <reporter-output>
          </reporter-output>
        </test-method> <!-- beforeMethodMethod -->
        <test-method signature="CreateProductTest()[pri:0, instance:Product.CreateProductTest@2e3967ea]" started-at="2024-07-18T15:51:20 CEST" name="CreateProductTest" finished-at="2024-07-18T15:51:37 CEST" duration-ms="17542" status="PASS">
          <reporter-output>
          </reporter-output>
        </test-method> <!-- CreateProductTest -->
        <test-method is-config="true" signature="afterMethodMethod()[pri:0, instance:Product.CreateProductTest@2e3967ea]" started-at="2024-07-18T15:51:37 CEST" name="afterMethodMethod" finished-at="2024-07-18T15:51:39 CEST" duration-ms="1263" status="PASS">
          <reporter-output>
          </reporter-output>
        </test-method> <!-- afterMethodMethod -->
        <test-method is-config="true" signature="afterClassMethod()[pri:0, instance:Product.CreateProductTest@2e3967ea]" started-at="2024-07-18T15:51:39 CEST" name="afterClassMethod" finished-at="2024-07-18T15:51:39 CEST" duration-ms="170" status="PASS">
          <reporter-output>
          </reporter-output>
        </test-method> <!-- afterClassMethod -->
      </class> <!-- Product.CreateProductTest -->
    </test> <!-- Test -->
  </suite> <!-- Suite -->
</testng-results>
