<?xml version="1.0" encoding="UTF-8"?>
<!-- Generated by org.testng.reporters.JUnitXMLReporter -->
<testsuite ignored="4" hostname="TestMachine" failures="0" tests="2" name="TestRunner2" time="106.796" errors="0" timestamp="2024-07-12T16:34:02 CEST">
  <testcase classname="Campaign.CreateCampaignTest" name="createCampaignTest" time="24.935"/>
  <testcase classname="Campaign.CreateCampaignWithProductTest" name="createCampaignWithProductTest" time="42.348"/>
  <testcase classname="Generic_Utilities.BaseClass" name="@AfterTest afterTestMethod" time="0.0">
    <ignored/>
  </testcase> <!-- @AfterTest afterTestMethod -->
  <testcase classname="Generic_Utilities.BaseClass" name="@AfterSuite afterSuiteMethod" time="0.0">
    <ignored/>
  </testcase> <!-- @AfterSuite afterSuiteMethod -->
  <testcase classname="Generic_Utilities.BaseClass" name="@BeforeSuite beforeSuiteMethod" time="0.0">
    <ignored/>
  </testcase> <!-- @BeforeSuite beforeSuiteMethod -->
  <testcase classname="Generic_Utilities.BaseClass" name="@BeforeTest beforeTestMethod" time="0.0">
    <ignored/>
  </testcase> <!-- @BeforeTest beforeTestMethod -->
</testsuite> <!-- TestRunner2 -->
