<?xml version="1.0" encoding="UTF-8"?>
<!-- Generated by org.testng.reporters.JUnitXMLReporter -->
<testsuite ignored="4" hostname="TestMachine" failures="0" tests="2" name="TestRunner1" time="104.149" errors="0" timestamp="2024-07-12T16:33:59 CEST">
  <testcase classname="Campaign.CreateCampaignTest" name="createCampaignTest" time="27.91"/>
  <testcase classname="Campaign.CreateCampaignWithProductTest" name="createCampaignWithProductTest" time="47.37"/>
  <testcase classname="Generic_Utilities.BaseClass" name="@AfterTest afterTestMethod" time="0.0">
    <ignored/>
  </testcase> <!-- @AfterTest afterTestMethod -->
  <testcase classname="Generic_Utilities.BaseClass" name="@AfterSuite afterSuiteMethod" time="0.0">
    <ignored/>
  </testcase> <!-- @AfterSuite afterSuiteMethod -->
  <testcase classname="Generic_Utilities.BaseClass" name="@BeforeSuite beforeSuiteMethod" time="0.0">
    <ignored/>
  </testcase> <!-- @BeforeSuite beforeSuiteMethod -->
  <testcase classname="Generic_Utilities.BaseClass" name="@BeforeTest beforeTestMethod" time="0.0">
    <ignored/>
  </testcase> <!-- @BeforeTest beforeTestMethod -->
</testsuite> <!-- TestRunner1 -->
